{"uid":"35913775367c45a6","name":"Create a book without a required field Test","fullName":"com.avenga.BookTest.createBookWithoutRequiredFieldTest","historyId":"afae1c5e6aa9623e2b701d7e5d00fac7","time":{"start":1750473488222,"stop":1750473488347,"duration":125},"description":"Verifies that an error is returned in case of an attempt to create a new book without a required field","descriptionHtml":"<p>Verifies that an error is returned in case of an attempt to create a new book without a required field</p>\n","status":"broken","statusMessage":"Failed to read/deserialize the response body into the ErrorResponse object","statusTrace":"java.lang.RuntimeException: Failed to read/deserialize the response body into the ErrorResponse object\n\tat com.avenga.api.service.BaseService.readErrorResponseBody(BaseService.java:43)\n\tat com.avenga.api.service.BookService.createBookRaw(BookService.java:217)\n\tat com.avenga.BookTest.createBookWithoutRequiredFieldTest(BookTest.java:147)\n\tat java.base/jdk.internal.reflect.DirectMethodHandleAccessor.invoke(DirectMethodHandleAccessor.java:103)\n\tat java.base/java.lang.reflect.Method.invoke(Method.java:580)\n\tat org.testng.internal.invokers.MethodInvocationHelper.invokeMethod(MethodInvocationHelper.java:139)\n\tat org.testng.internal.invokers.MethodInvocationHelper$1.runTestMethod(MethodInvocationHelper.java:258)\n\tat org.springframework.test.context.testng.AbstractTestNGSpringContextTests.run(AbstractTestNGSpringContextTests.java:186)\n\tat org.testng.internal.invokers.MethodInvocationHelper.invokeHookable(MethodInvocationHelper.java:272)\n\tat org.testng.internal.invokers.TestInvoker.invokeMethod(TestInvoker.java:656)\n\tat org.testng.internal.invokers.TestInvoker.invokeTestMethod(TestInvoker.java:228)\n\tat org.testng.internal.invokers.MethodRunner.runInSequence(MethodRunner.java:63)\n\tat org.testng.internal.invokers.TestInvoker$MethodInvocationAgent.invoke(TestInvoker.java:961)\n\tat org.testng.internal.invokers.TestInvoker.invokeTestMethods(TestInvoker.java:201)\n\tat org.testng.internal.invokers.TestMethodWorker.invokeTestMethods(TestMethodWorker.java:148)\n\tat org.testng.internal.invokers.TestMethodWorker.run(TestMethodWorker.java:128)\n\tat java.base/java.util.concurrent.Executors$RunnableAdapter.call(Executors.java:572)\n\tat java.base/java.util.concurrent.FutureTask.run(FutureTask.java:317)\n\tat org.testng.internal.thread.graph.TestNGFutureTask.run(TestNGFutureTask.java:22)\n\tat java.base/java.util.concurrent.ThreadPoolExecutor.runWorker(ThreadPoolExecutor.java:1144)\n\tat java.base/java.util.concurrent.ThreadPoolExecutor$Worker.run(ThreadPoolExecutor.java:642)\n\tat java.base/java.lang.Thread.run(Thread.java:1583)\n","flaky":false,"newFailed":false,"newBroken":false,"newPassed":false,"retriesCount":0,"retriesStatusChange":false,"beforeStages":[{"name":"springTestContextBeforeTestClass","time":{"start":1750473487407,"stop":1750473487407,"duration":0},"description":"","status":"passed","steps":[],"attachments":[],"parameters":[],"stepsCount":0,"attachmentsCount":0,"shouldDisplayMessage":false,"hasContent":false},{"name":"springTestContextPrepareTestInstance","time":{"start":1750473487408,"stop":1750473487411,"duration":3},"description":"","status":"passed","steps":[],"attachments":[],"parameters":[],"stepsCount":0,"attachmentsCount":0,"shouldDisplayMessage":false,"hasContent":false},{"name":"setUp","time":{"start":1750473487412,"stop":1750473487629,"duration":217},"description":"","status":"passed","steps":[{"name":"Create a new random book","time":{"start":1750473487412,"stop":1750473487521,"duration":109},"status":"passed","steps":[{"name":"Create a random book request body","time":{"start":1750473487412,"stop":1750473487413,"duration":1},"status":"passed","steps":[{"name":"Create a book request body with random data for the book id 205","time":{"start":1750473487412,"stop":1750473487413,"duration":1},"status":"passed","steps":[{"name":"Create a book request body with random data for the certain fields for the book id 205","time":{"start":1750473487412,"stop":1750473487413,"duration":1},"status":"passed","steps":[],"attachments":[],"parameters":[{"name":"bookId","value":"205"},{"name":"bookFields","value":"[ID, TITLE, DESCRIPTION, EXCERPT, PAGE_COUNT, PUBLISH_DATE]"}],"stepsCount":0,"attachmentsCount":0,"shouldDisplayMessage":false,"hasContent":true}],"attachments":[],"parameters":[{"name":"bookId","value":"205"}],"stepsCount":1,"attachmentsCount":0,"shouldDisplayMessage":false,"hasContent":true}],"attachments":[],"parameters":[],"stepsCount":2,"attachmentsCount":0,"shouldDisplayMessage":false,"hasContent":true},{"name":"Create a new book","time":{"start":1750473487413,"stop":1750473487521,"duration":108},"status":"passed","steps":[],"attachments":[{"uid":"b6d30a9d894eb1fc","name":"attachBody","source":"b6d30a9d894eb1fc.txt","type":"text/plain","size":271},{"uid":"f143bd91db3f5bd8","name":"attachBody","source":"f143bd91db3f5bd8.txt","type":"text/plain","size":269}],"parameters":[{"name":"bookDto","value":"BookDto(id=205, title=To Say Nothing of the Dog, description=Ad recusandae sit fuga., pageCount=122, excerpt=Minima aperiam autem nulla. Cumque fugit dicta delectus voluptas distinctio fugit. Voluptas in ut repudiandae., publishDate=2025-06-21T02:38:07.412990125)"}],"stepsCount":0,"attachmentsCount":2,"shouldDisplayMessage":false,"hasContent":true}],"attachments":[],"parameters":[],"stepsCount":4,"attachmentsCount":2,"shouldDisplayMessage":false,"hasContent":true},{"name":"Create a new random book","time":{"start":1750473487521,"stop":1750473487629,"duration":108},"status":"passed","steps":[{"name":"Create a random book request body","time":{"start":1750473487521,"stop":1750473487522,"duration":1},"status":"passed","steps":[{"name":"Create a book request body with random data for the book id 206","time":{"start":1750473487521,"stop":1750473487522,"duration":1},"status":"passed","steps":[{"name":"Create a book request body with random data for the certain fields for the book id 206","time":{"start":1750473487521,"stop":1750473487522,"duration":1},"status":"passed","steps":[],"attachments":[],"parameters":[{"name":"bookId","value":"206"},{"name":"bookFields","value":"[ID, TITLE, DESCRIPTION, EXCERPT, PAGE_COUNT, PUBLISH_DATE]"}],"stepsCount":0,"attachmentsCount":0,"shouldDisplayMessage":false,"hasContent":true}],"attachments":[],"parameters":[{"name":"bookId","value":"206"}],"stepsCount":1,"attachmentsCount":0,"shouldDisplayMessage":false,"hasContent":true}],"attachments":[],"parameters":[],"stepsCount":2,"attachmentsCount":0,"shouldDisplayMessage":false,"hasContent":true},{"name":"Create a new book","time":{"start":1750473487522,"stop":1750473487629,"duration":107},"status":"passed","steps":[],"attachments":[{"uid":"d9da0d13a97adc39","name":"attachBody","source":"d9da0d13a97adc39.txt","type":"text/plain","size":325},{"uid":"cbe296d01796dd04","name":"attachBody","source":"cbe296d01796dd04.txt","type":"text/plain","size":323}],"parameters":[{"name":"bookDto","value":"BookDto(id=206, title=Specimen Days, description=Amet assumenda accusantium cumque debitis., pageCount=261, excerpt=Libero sed repellat alias iste pariatur praesentium qui. Voluptatem quisquam numquam consequuntur officia. Dolorem non est numquam vitae. Earum nisi quo sed., publishDate=2025-06-21T02:38:07.522006656)"}],"stepsCount":0,"attachmentsCount":2,"shouldDisplayMessage":false,"hasContent":true}],"attachments":[],"parameters":[],"stepsCount":4,"attachmentsCount":2,"shouldDisplayMessage":false,"hasContent":true}],"attachments":[],"parameters":[],"stepsCount":10,"attachmentsCount":4,"shouldDisplayMessage":false,"hasContent":true},{"name":"springTestContextBeforeTestMethod","time":{"start":1750473488220,"stop":1750473488220,"duration":0},"description":"","status":"passed","steps":[],"attachments":[],"parameters":[],"stepsCount":0,"attachmentsCount":0,"shouldDisplayMessage":false,"hasContent":false}],"testStage":{"description":"Verifies that an error is returned in case of an attempt to create a new book without a required field","status":"broken","statusMessage":"Failed to read/deserialize the response body into the ErrorResponse object","statusTrace":"java.lang.RuntimeException: Failed to read/deserialize the response body into the ErrorResponse object\n\tat com.avenga.api.service.BaseService.readErrorResponseBody(BaseService.java:43)\n\tat com.avenga.api.service.BookService.createBookRaw(BookService.java:217)\n\tat com.avenga.BookTest.createBookWithoutRequiredFieldTest(BookTest.java:147)\n\tat java.base/jdk.internal.reflect.DirectMethodHandleAccessor.invoke(DirectMethodHandleAccessor.java:103)\n\tat java.base/java.lang.reflect.Method.invoke(Method.java:580)\n\tat org.testng.internal.invokers.MethodInvocationHelper.invokeMethod(MethodInvocationHelper.java:139)\n\tat org.testng.internal.invokers.MethodInvocationHelper$1.runTestMethod(MethodInvocationHelper.java:258)\n\tat org.springframework.test.context.testng.AbstractTestNGSpringContextTests.run(AbstractTestNGSpringContextTests.java:186)\n\tat org.testng.internal.invokers.MethodInvocationHelper.invokeHookable(MethodInvocationHelper.java:272)\n\tat org.testng.internal.invokers.TestInvoker.invokeMethod(TestInvoker.java:656)\n\tat org.testng.internal.invokers.TestInvoker.invokeTestMethod(TestInvoker.java:228)\n\tat org.testng.internal.invokers.MethodRunner.runInSequence(MethodRunner.java:63)\n\tat org.testng.internal.invokers.TestInvoker$MethodInvocationAgent.invoke(TestInvoker.java:961)\n\tat org.testng.internal.invokers.TestInvoker.invokeTestMethods(TestInvoker.java:201)\n\tat org.testng.internal.invokers.TestMethodWorker.invokeTestMethods(TestMethodWorker.java:148)\n\tat org.testng.internal.invokers.TestMethodWorker.run(TestMethodWorker.java:128)\n\tat java.base/java.util.concurrent.Executors$RunnableAdapter.call(Executors.java:572)\n\tat java.base/java.util.concurrent.FutureTask.run(FutureTask.java:317)\n\tat org.testng.internal.thread.graph.TestNGFutureTask.run(TestNGFutureTask.java:22)\n\tat java.base/java.util.concurrent.ThreadPoolExecutor.runWorker(ThreadPoolExecutor.java:1144)\n\tat java.base/java.util.concurrent.ThreadPoolExecutor$Worker.run(ThreadPoolExecutor.java:642)\n\tat java.base/java.lang.Thread.run(Thread.java:1583)\n","steps":[{"name":"Create a random book request body","time":{"start":1750473488222,"stop":1750473488222,"duration":0},"status":"passed","steps":[{"name":"Create a book request body with random data for the certain fields for the book id 209","time":{"start":1750473488222,"stop":1750473488222,"duration":0},"status":"passed","steps":[],"attachments":[],"parameters":[{"name":"bookId","value":"209"},{"name":"bookFields","value":"[TITLE, DESCRIPTION, EXCERPT, PAGE_COUNT, PUBLISH_DATE]"}],"stepsCount":0,"attachmentsCount":0,"shouldDisplayMessage":false,"hasContent":true}],"attachments":[],"parameters":[{"name":"bookFields","value":"[TITLE, DESCRIPTION, EXCERPT, PAGE_COUNT, PUBLISH_DATE]"}],"stepsCount":1,"attachmentsCount":0,"shouldDisplayMessage":false,"hasContent":true},{"name":"Create a new book","time":{"start":1750473488222,"stop":1750473488346,"duration":124},"status":"broken","statusMessage":"Failed to read/deserialize the response body into the ErrorResponse object","statusTrace":"java.lang.RuntimeException: Failed to read/deserialize the response body into the ErrorResponse object\n\tat com.avenga.api.service.BaseService.readErrorResponseBody(BaseService.java:43)\n\tat com.avenga.api.service.BookService.createBookRaw(BookService.java:217)\n\tat com.avenga.BookTest.createBookWithoutRequiredFieldTest(BookTest.java:147)\n\tat java.base/jdk.internal.reflect.DirectMethodHandleAccessor.invoke(DirectMethodHandleAccessor.java:103)\n\tat java.base/java.lang.reflect.Method.invoke(Method.java:580)\n\tat org.testng.internal.invokers.MethodInvocationHelper.invokeMethod(MethodInvocationHelper.java:139)\n\tat org.testng.internal.invokers.MethodInvocationHelper$1.runTestMethod(MethodInvocationHelper.java:258)\n\tat org.springframework.test.context.testng.AbstractTestNGSpringContextTests.run(AbstractTestNGSpringContextTests.java:186)\n\tat org.testng.internal.invokers.MethodInvocationHelper.invokeHookable(MethodInvocationHelper.java:272)\n\tat org.testng.internal.invokers.TestInvoker.invokeMethod(TestInvoker.java:656)\n\tat org.testng.internal.invokers.TestInvoker.invokeTestMethod(TestInvoker.java:228)\n\tat org.testng.internal.invokers.MethodRunner.runInSequence(MethodRunner.java:63)\n\tat org.testng.internal.invokers.TestInvoker$MethodInvocationAgent.invoke(TestInvoker.java:961)\n\tat org.testng.internal.invokers.TestInvoker.invokeTestMethods(TestInvoker.java:201)\n\tat org.testng.internal.invokers.TestMethodWorker.invokeTestMethods(TestMethodWorker.java:148)\n\tat org.testng.internal.invokers.TestMethodWorker.run(TestMethodWorker.java:128)\n\tat java.base/java.util.concurrent.Executors$RunnableAdapter.call(Executors.java:572)\n\tat java.base/java.util.concurrent.FutureTask.run(FutureTask.java:317)\n\tat org.testng.internal.thread.graph.TestNGFutureTask.run(TestNGFutureTask.java:22)\n\tat java.base/java.util.concurrent.ThreadPoolExecutor.runWorker(ThreadPoolExecutor.java:1144)\n\tat java.base/java.util.concurrent.ThreadPoolExecutor$Worker.run(ThreadPoolExecutor.java:642)\n\tat java.base/java.lang.Thread.run(Thread.java:1583)\n","steps":[],"attachments":[{"uid":"c72f37b52b02bdaf","name":"attachBody","source":"c72f37b52b02bdaf.txt","type":"text/plain","size":271},{"uid":"efe43a2988fcc237","name":"attachBody","source":"efe43a2988fcc237.txt","type":"text/plain","size":276}],"parameters":[{"name":"bookDto","value":"BookDto(id=null, title=Mother Night, description=Est non veniam enim nostrum in repellendus nulla., pageCount=837, excerpt=Sapiente eos ea. Tempore voluptas laboriosam eum fuga. Quae eveniet recusandae sed. Consequatur earum est., publishDate=2025-06-21T02:38:08.222672293)"}],"stepsCount":0,"attachmentsCount":2,"shouldDisplayMessage":true,"hasContent":true}],"attachments":[],"parameters":[],"stepsCount":3,"attachmentsCount":2,"shouldDisplayMessage":false,"hasContent":true},"afterStages":[{"name":"springTestContextAfterTestMethod","time":{"start":1750473488348,"stop":1750473488348,"duration":0},"description":"","status":"passed","steps":[],"attachments":[],"parameters":[],"stepsCount":0,"attachmentsCount":0,"shouldDisplayMessage":false,"hasContent":false},{"name":"cleanUpTestData","time":{"start":1750473490496,"stop":1750473491478,"duration":982},"description":"","status":"passed","steps":[{"name":"Delete the book","time":{"start":1750473490497,"stop":1750473490601,"duration":104},"status":"passed","steps":[],"attachments":[{"uid":"ed8e46d94dab3543","name":"attachBody","source":"ed8e46d94dab3543.txt","type":"text/plain","size":12},{"uid":"3f04f822d6e498ea","name":"attachBody","source":"3f04f822d6e498ea.bin","type":"application/octet-stream","size":0}],"parameters":[{"name":"bookDto","value":"BookDto(id=212, title=The Proper Study, description=Quaerat labore ullam quos molestiae esse., pageCount=895, excerpt=Sequi amet totam odit qui. Illum maxime reiciendis nulla. Id quis expedita aut ipsam quia illo., publishDate=2025-06-21T02:38:08.6883936)"}],"stepsCount":0,"attachmentsCount":2,"shouldDisplayMessage":false,"hasContent":true},{"name":"Delete the book","time":{"start":1750473490601,"stop":1750473490705,"duration":104},"status":"passed","steps":[],"attachments":[{"uid":"811b7ce9bd23dd69","name":"attachBody","source":"811b7ce9bd23dd69.txt","type":"text/plain","size":12},{"uid":"263157d96d1b0f29","name":"attachBody","source":"263157d96d1b0f29.bin","type":"application/octet-stream","size":0}],"parameters":[{"name":"bookDto","value":"BookDto(id=205, title=To Say Nothing of the Dog, description=Ad recusandae sit fuga., pageCount=122, excerpt=Minima aperiam autem nulla. Cumque fugit dicta delectus voluptas distinctio fugit. Voluptas in ut repudiandae., publishDate=2025-06-21T02:38:07.4129901)"}],"stepsCount":0,"attachmentsCount":2,"shouldDisplayMessage":false,"hasContent":true},{"name":"Delete the book","time":{"start":1750473490705,"stop":1750473490811,"duration":106},"status":"passed","steps":[],"attachments":[{"uid":"48acd91e61cc5348","name":"attachBody","source":"48acd91e61cc5348.txt","type":"text/plain","size":12},{"uid":"255613dd615577d6","name":"attachBody","source":"255613dd615577d6.bin","type":"application/octet-stream","size":0}],"parameters":[{"name":"bookDto","value":"BookDto(id=211, title=The Proper Study, description=Iusto in tenetur accusamus autem recusandae molestias aspernatur., pageCount=324, excerpt=Ipsum eius rem magni consequatur optio dolorem eaque. Iure repudiandae quis voluptatibus. Ab repellendus aut impedit. Omnis repudiandae deleniti officiis. Fugiat id magni quia amet ullam., publishDate=0001-01-01T00:00:00)"}],"stepsCount":0,"attachmentsCount":2,"shouldDisplayMessage":false,"hasContent":true},{"name":"Delete the book","time":{"start":1750473490811,"stop":1750473490916,"duration":105},"status":"passed","steps":[],"attachments":[{"uid":"5c0bf7d66d0ca9d2","name":"attachBody","source":"5c0bf7d66d0ca9d2.txt","type":"text/plain","size":12},{"uid":"7555b47fc15c3a1a","name":"attachBody","source":"7555b47fc15c3a1a.bin","type":"application/octet-stream","size":0}],"parameters":[{"name":"bookDto","value":"BookDto(id=210, title=A Scanner Darkly, description=Suscipit sunt quia fugit veritatis saepe., pageCount=0, excerpt=Commodi sed ipsum fuga sunt. Nostrum officiis laboriosam hic et omnis. Vitae velit impedit fugiat. Suscipit beatae qui., publishDate=2025-06-21T02:38:08.3515838)"}],"stepsCount":0,"attachmentsCount":2,"shouldDisplayMessage":false,"hasContent":true},{"name":"Delete the book","time":{"start":1750473490917,"stop":1750473491022,"duration":105},"status":"passed","steps":[],"attachments":[{"uid":"7a0586d91c2ed96a","name":"attachBody","source":"7a0586d91c2ed96a.txt","type":"text/plain","size":12},{"uid":"9d899c7ab693bbe1","name":"attachBody","source":"9d899c7ab693bbe1.bin","type":"application/octet-stream","size":0}],"parameters":[{"name":"bookDto","value":"BookDto(id=0, title=Mother Night, description=Est non veniam enim nostrum in repellendus nulla., pageCount=837, excerpt=Sapiente eos ea. Tempore voluptas laboriosam eum fuga. Quae eveniet recusandae sed. Consequatur earum est., publishDate=2025-06-21T02:38:08.2226722)"}],"stepsCount":0,"attachmentsCount":2,"shouldDisplayMessage":false,"hasContent":true},{"name":"Delete the book","time":{"start":1750473491022,"stop":1750473491161,"duration":139},"status":"passed","steps":[],"attachments":[{"uid":"743186cf4572d55a","name":"attachBody","source":"743186cf4572d55a.txt","type":"text/plain","size":12},{"uid":"b39601e5ca8b446f","name":"attachBody","source":"b39601e5ca8b446f.bin","type":"application/octet-stream","size":0}],"parameters":[{"name":"bookDto","value":"BookDto(id=208, title=null, description=null, pageCount=866, excerpt=null, publishDate=2025-06-21T02:38:07.9005276)"}],"stepsCount":0,"attachmentsCount":2,"shouldDisplayMessage":false,"hasContent":true},{"name":"Delete the book","time":{"start":1750473491161,"stop":1750473491266,"duration":105},"status":"passed","steps":[],"attachments":[{"uid":"d39a80ffd19d1335","name":"attachBody","source":"d39a80ffd19d1335.txt","type":"text/plain","size":12},{"uid":"2c02afc200613b47","name":"attachBody","source":"2c02afc200613b47.bin","type":"application/octet-stream","size":0}],"parameters":[{"name":"bookDto","value":"BookDto(id=207, title=Infinite Jest, description=Molestias at aspernatur eaque iusto autem laborum., pageCount=207, excerpt=Vero praesentium ullam quae. Aliquid laboriosam quo aliquid sunt. Et ducimus facilis nihil. Quaerat incidunt tempore aut deserunt illum asperiores., publishDate=2025-06-21T02:38:07.63297)"}],"stepsCount":0,"attachmentsCount":2,"shouldDisplayMessage":false,"hasContent":true},{"name":"Delete the book","time":{"start":1750473491266,"stop":1750473491370,"duration":104},"status":"passed","steps":[],"attachments":[{"uid":"be9a04906a33ac0f","name":"attachBody","source":"be9a04906a33ac0f.txt","type":"text/plain","size":12},{"uid":"df959037cb51c972","name":"attachBody","source":"df959037cb51c972.bin","type":"application/octet-stream","size":0}],"parameters":[{"name":"bookDto","value":"BookDto(id=206, title=Specimen Days, description=Amet assumenda accusantium cumque debitis., pageCount=261, excerpt=Libero sed repellat alias iste pariatur praesentium qui. Voluptatem quisquam numquam consequuntur officia. Dolorem non est numquam vitae. Earum nisi quo sed., publishDate=2025-06-21T02:38:07.5220066)"}],"stepsCount":0,"attachmentsCount":2,"shouldDisplayMessage":false,"hasContent":true},{"name":"Delete the book","time":{"start":1750473491370,"stop":1750473491478,"duration":108},"status":"passed","steps":[],"attachments":[{"uid":"defed7271cc7d477","name":"attachBody","source":"defed7271cc7d477.txt","type":"text/plain","size":12},{"uid":"924e83cffa2dab9b","name":"attachBody","source":"924e83cffa2dab9b.bin","type":"application/octet-stream","size":0}],"parameters":[{"name":"bookDto","value":"BookDto(id=205, title=To Say Nothing of the Dog, description=Ad recusandae sit fuga., pageCount=122, excerpt=Minima aperiam autem nulla. Cumque fugit dicta delectus voluptas distinctio fugit. Voluptas in ut repudiandae., publishDate=2025-06-21T02:38:07.4129901)"}],"stepsCount":0,"attachmentsCount":2,"shouldDisplayMessage":false,"hasContent":true}],"attachments":[],"parameters":[],"stepsCount":9,"attachmentsCount":18,"shouldDisplayMessage":false,"hasContent":true},{"name":"springTestContextAfterTestClass","time":{"start":1750473491479,"stop":1750473491479,"duration":0},"description":"","status":"passed","steps":[],"attachments":[],"parameters":[],"stepsCount":0,"attachmentsCount":0,"shouldDisplayMessage":false,"hasContent":false}],"labels":[{"name":"package","value":"com.avenga.BookTest"},{"name":"testClass","value":"com.avenga.BookTest"},{"name":"testMethod","value":"createBookWithoutRequiredFieldTest"},{"name":"parentSuite","value":"All tests"},{"name":"suite","value":"All"},{"name":"subSuite","value":"Books Test"},{"name":"host","value":"fv-az1267-342"},{"name":"thread","value":"2158@fv-az1267-342.TestNG-test-All-1(29)"},{"name":"framework","value":"testng"},{"name":"language","value":"java"},{"name":"resultFormat","value":"allure2"}],"parameters":[{"name":"arg0","value":"[TITLE, DESCRIPTION, EXCERPT, PAGE_COUNT, PUBLISH_DATE]"}],"links":[],"hidden":false,"retry":false,"extra":{"severity":"normal","retries":[],"categories":[{"name":"Test defects","matchedStatuses":[],"flaky":false}],"tags":[]},"source":"35913775367c45a6.json","parameterValues":["[TITLE, DESCRIPTION, EXCERPT, PAGE_COUNT, PUBLISH_DATE]"]}